<?xml version="1.0" encoding="UTF-8"?>
<!-- Generated by org.testng.reporters.JUnitReportReporter -->
<testsuite skipped="0" hostname="DESKTOP-RV1FSC7" name="com.Maven.AppTest" tests="2" failures="0" timestamp="2021-10-28T12:50:36 IST" time="0.024" errors="0">
  <testcase name="testlogin2" time="0.001" classname="com.Maven.AppTest"/>
  <system-out/>
  <testcase name="testlogin1" time="0.023" classname="com.Maven.AppTest"/>
  <system-out/>
</testsuite> <!-- com.Maven.AppTest -->
